<?xml version="1.0" encoding="UTF-8"?>
<!-- Generated by org.testng.reporters.JUnitXMLReporter -->
<testsuite ignored="3" hostname="DESKTOP-I3BGM4H" failures="0" tests="3" name="Test" time="0.099" errors="0" timestamp="2024-04-22T00:30:16 IST">
  <testcase classname="TestNG.TT3_TestNgGroups2" name="MobileLoginPersonalLoan" time="0.014"/>
  <testcase classname="TestNG.TT3_TestNgGroups1" name="APILoginHomeLoan" time="0.002"/>
  <testcase classname="TestNG.TT3_TestNgGroups1" name="WebLoginHomeLoan" time="0.004"/>
  <testcase classname="TestNG.TT3_TestNgGroups1" name="MobileLoginHomeLoan" time="0.0">
    <ignored/>
  </testcase> <!-- MobileLoginHomeLoan -->
  <testcase classname="TestNG.TT3_TestNgGroups2" name="APILoginPersonalLoan" time="0.0">
    <ignored/>
  </testcase> <!-- APILoginPersonalLoan -->
  <testcase classname="TestNG.TT3_TestNgGroups2" name="WebLoginPersonalLoan" time="0.0">
    <ignored/>
  </testcase> <!-- WebLoginPersonalLoan -->
</testsuite> <!-- Test -->
